<?xml version="1.0" encoding="UTF-8"?>
<testng-results ignored="0" total="1" passed="1" failed="0" skipped="0">
  <reporter-output>
  </reporter-output>
  <suite started-at="2024-03-10T21:11:17 IST" name="Default suite" finished-at="2024-03-10T21:11:35 IST" duration-ms="17426">
    <groups>
    </groups>
    <test started-at="2024-03-10T21:11:17 IST" name="Default test" finished-at="2024-03-10T21:11:35 IST" duration-ms="17426">
      <class name="com.internal.TestSuites.redBusTest">
        <test-method is-config="true" signature="launchBrowser()[pri:0, instance:com.internal.TestSuites.redBusTest@4f32a3ad]" started-at="2024-03-10T21:10:42 IST" name="launchBrowser" finished-at="2024-03-10T21:11:17 IST" duration-ms="35240" status="PASS">
          <reporter-output>
          </reporter-output>
        </test-method> <!-- launchBrowser -->
        <test-method signature="test()[pri:0, instance:com.internal.TestSuites.redBusTest@4f32a3ad]" started-at="2024-03-10T21:11:17 IST" name="test" finished-at="2024-03-10T21:11:35 IST" duration-ms="17358" status="PASS">
          <reporter-output>
          </reporter-output>
        </test-method> <!-- test -->
      </class> <!-- com.internal.TestSuites.redBusTest -->
    </test> <!-- Default test -->
  </suite> <!-- Default suite -->
</testng-results>
