<?xml version="1.0" encoding="UTF-8"?>
<testng-results ignored="0" total="1" passed="1" failed="0" skipped="0">
  <reporter-output>
  </reporter-output>
  <suite started-at="2024-03-12T22:34:39 IST" name="Default suite" finished-at="2024-03-12T22:34:54 IST" duration-ms="15141">
    <groups>
    </groups>
    <test started-at="2024-03-12T22:34:39 IST" name="Default test" finished-at="2024-03-12T22:34:54 IST" duration-ms="15141">
      <class name="com.internal.TestSuites.redBusTest">
        <test-method is-config="true" signature="launchBrowser()[pri:0, instance:com.internal.TestSuites.redBusTest@478db956]" started-at="2024-03-12T22:34:36 IST" name="launchBrowser" finished-at="2024-03-12T22:34:39 IST" duration-ms="2448" status="PASS">
          <reporter-output>
          </reporter-output>
        </test-method> <!-- launchBrowser -->
        <test-method signature="test()[pri:0, instance:com.internal.TestSuites.redBusTest@478db956]" started-at="2024-03-12T22:34:39 IST" name="test" finished-at="2024-03-12T22:34:54 IST" duration-ms="15082" status="PASS">
          <reporter-output>
          </reporter-output>
        </test-method> <!-- test -->
        <test-method is-config="true" signature="onTestFailure()[pri:0, instance:com.internal.TestSuites.redBusTest@478db956]" started-at="2024-03-12T22:34:54 IST" name="onTestFailure" finished-at="2024-03-12T22:34:54 IST" duration-ms="624" status="PASS">
          <reporter-output>
          </reporter-output>
        </test-method> <!-- onTestFailure -->
      </class> <!-- com.internal.TestSuites.redBusTest -->
    </test> <!-- Default test -->
  </suite> <!-- Default suite -->
</testng-results>
